# JRE version: Java(TM) SE Runtime Environment (21.0.7+8) (build 21.0.7+8-LTS-245)
# Java VM: Java HotSpot(TM) 64-Bit Server VM (21.0.7+8-LTS-245, mixed mode, sharing, tiered, compressed oops, compressed class ptrs, g1 gc, windows-amd64)
GC Precious Log:
 CardTable entry size: 512
 Card Set container configuration: InlinePtr #cards 5 size 8 Array Of Cards #cards 12 size 40 Howl #buckets 4 coarsen threshold 1843 Howl Bitmap #cards 512 size 80 coarsen threshold 460 Card regions per heap region 1 cards per card region 2048
 CPUs: 8 total, 8 available
 Memory: 4087M
 Large Page Support: Disabled
 NUMA Support: Disabled
 Compressed Oops: Enabled (32-bit)
 Heap Region Size: 1M
 Heap Min Capacity: 8M
 Heap Initial Capacity: 64M
 Heap Max Capacity: 1022M
 Pre-touch: Disabled
 Parallel Workers: 8
 Concurrent Workers: 2
 Concurrent Refinement Workers: 8
 Periodic GC: Disabled
Heap:
 garbage-first heap   total 75776K, used 63165K [0x00000000c0200000, 0x0000000100000000)
  region size 1024K, 26 young (26624K), 2 survivors (2048K)
 Metaspace       used 95658K, committed 96384K, reserved 1179648K
  class space    used 12661K, committed 12992K, reserved 1048576K
GC Heap History (20 events):
Event: 2266.000 GC heap before
{Heap before GC invocations=44 (full 0):
 garbage-first heap   total 75776K, used 69025K [0x00000000c0200000, 0x0000000100000000)
  region size 1024K, 28 young (28672K), 1 survivors (1024K)
 Metaspace       used 93145K, committed 94336K, reserved 1179648K
  class space    used 12362K, committed 12928K, reserved 1048576K
}
Event: 2266.270 GC heap after
{Heap after GC invocations=45 (full 0):
 garbage-first heap   total 75776K, used 40236K [0x00000000c0200000, 0x0000000100000000)
  region size 1024K, 1 young (1024K), 1 survivors (1024K)
 Metaspace       used 93145K, committed 94336K, reserved 1179648K
  class space    used 12362K, committed 12928K, reserved 1048576K
}
Event: 2523.697 GC heap before
{Heap before GC invocations=45 (full 0):
 garbage-first heap   total 75776K, used 67884K [0x00000000c0200000, 0x0000000100000000)
  region size 1024K, 29 young (29696K), 1 survivors (1024K)
 Metaspace       used 93224K, committed 94336K, reserved 1179648K
  class space    used 12362K, committed 12928K, reserved 1048576K
}
Event: 2523.753 GC heap after
{Heap after GC invocations=46 (full 0):
 garbage-first heap   total 75776K, used 40284K [0x00000000c0200000, 0x0000000100000000)
  region size 1024K, 1 young (1024K), 1 survivors (1024K)
 Metaspace       used 93224K, committed 94336K, reserved 1179648K
  class space    used 12362K, committed 12928K, reserved 1048576K
}
Event: 2646.686 GC heap before
{Heap before GC invocations=47 (full 0):
 garbage-first heap   total 75776K, used 67932K [0x00000000c0200000, 0x0000000100000000)
  region size 1024K, 29 young (29696K), 1 survivors (1024K)
 Metaspace       used 95518K, committed 96192K, reserved 1179648K
  class space    used 12654K, committed 12992K, reserved 1048576K
}
Event: 2646.832 GC heap after
{Heap after GC invocations=48 (full 0):
 garbage-first heap   total 75776K, used 41608K [0x00000000c0200000, 0x0000000100000000)
  region size 1024K, 3 young (3072K), 3 survivors (3072K)
 Metaspace       used 95518K, committed 96192K, reserved 1179648K
  class space    used 12654K, committed 12992K, reserved 1048576K
}
Event: 2877.126 GC heap before
{Heap before GC invocations=48 (full 0):
 garbage-first heap   total 75776K, used 66184K [0x00000000c0200000, 0x0000000100000000)
  region size 1024K, 27 young (27648K), 3 survivors (3072K)
 Metaspace       used 95542K, committed 96256K, reserved 1179648K
  class space    used 12654K, committed 12992K, reserved 1048576K
}
Event: 2877.432 GC heap after
{Heap after GC invocations=49 (full 0):
 garbage-first heap   total 75776K, used 41196K [0x00000000c0200000, 0x0000000100000000)
  region size 1024K, 3 young (3072K), 3 survivors (3072K)
 Metaspace       used 95542K, committed 96256K, reserved 1179648K
  class space    used 12654K, committed 12992K, reserved 1048576K
}
Event: 3120.637 GC heap before
{Heap before GC invocations=49 (full 0):
 garbage-first heap   total 75776K, used 65772K [0x00000000c0200000, 0x0000000100000000)
  region size 1024K, 27 young (27648K), 3 survivors (3072K)
 Metaspace       used 95542K, committed 96256K, reserved 1179648K
  class space    used 12654K, committed 12992K, reserved 1048576K
}
Event: 3120.877 GC heap after
{Heap after GC invocations=50 (full 0):
 garbage-first heap   total 75776K, used 41002K [0x00000000c0200000, 0x0000000100000000)
  region size 1024K, 2 young (2048K), 2 survivors (2048K)
 Metaspace       used 95542K, committed 96256K, reserved 1179648K
  class space    used 12654K, committed 12992K, reserved 1048576K
}
Event: 3383.470 GC heap before
{Heap before GC invocations=50 (full 0):
 garbage-first heap   total 75776K, used 67626K [0x00000000c0200000, 0x0000000100000000)
  region size 1024K, 28 young (28672K), 2 survivors (2048K)
 Metaspace       used 95542K, committed 96256K, reserved 1179648K
  class space    used 12654K, committed 12992K, reserved 1048576K
}
Event: 3383.617 GC heap after
{Heap after GC invocations=51 (full 0):
 garbage-first heap   total 75776K, used 40977K [0x00000000c0200000, 0x0000000100000000)
  region size 1024K, 2 young (2048K), 2 survivors (2048K)
 Metaspace       used 95542K, committed 96256K, reserved 1179648K
  class space    used 12654K, committed 12992K, reserved 1048576K
}
Event: 3633.635 GC heap before
{Heap before GC invocations=52 (full 0):
 garbage-first heap   total 75776K, used 67601K [0x00000000c0200000, 0x0000000100000000)
  region size 1024K, 28 young (28672K), 2 survivors (2048K)
 Metaspace       used 95566K, committed 96256K, reserved 1179648K
  class space    used 12654K, committed 12992K, reserved 1048576K
}
Event: 3633.664 GC heap after
{Heap after GC invocations=53 (full 0):
 garbage-first heap   total 75776K, used 41595K [0x00000000c0200000, 0x0000000100000000)
  region size 1024K, 3 young (3072K), 3 survivors (3072K)
 Metaspace       used 95566K, committed 96256K, reserved 1179648K
  class space    used 12654K, committed 12992K, reserved 1048576K
}
Event: 3876.493 GC heap before
{Heap before GC invocations=53 (full 0):
 garbage-first heap   total 75776K, used 66171K [0x00000000c0200000, 0x0000000100000000)
  region size 1024K, 27 young (27648K), 3 survivors (3072K)
 Metaspace       used 95570K, committed 96256K, reserved 1179648K
  class space    used 12654K, committed 12992K, reserved 1048576K
}
Event: 3876.537 GC heap after
{Heap after GC invocations=54 (full 0):
 garbage-first heap   total 75776K, used 40723K [0x00000000c0200000, 0x0000000100000000)
  region size 1024K, 2 young (2048K), 2 survivors (2048K)
 Metaspace       used 95570K, committed 96256K, reserved 1179648K
  class space    used 12654K, committed 12992K, reserved 1048576K
}
Event: 4142.844 GC heap before
{Heap before GC invocations=54 (full 0):
 garbage-first heap   total 75776K, used 67347K [0x00000000c0200000, 0x0000000100000000)
  region size 1024K, 28 young (28672K), 2 survivors (2048K)
 Metaspace       used 95570K, committed 96256K, reserved 1179648K
  class space    used 12654K, committed 12992K, reserved 1048576K
}
Event: 4143.159 GC heap after
{Heap after GC invocations=55 (full 0):
 garbage-first heap   total 75776K, used 40662K [0x00000000c0200000, 0x0000000100000000)
  region size 1024K, 2 young (2048K), 2 survivors (2048K)
 Metaspace       used 95570K, committed 96256K, reserved 1179648K
  class space    used 12654K, committed 12992K, reserved 1048576K
}
Event: 4408.901 GC heap before
{Heap before GC invocations=55 (full 0):
 garbage-first heap   total 75776K, used 67286K [0x00000000c0200000, 0x0000000100000000)
  region size 1024K, 28 young (28672K), 2 survivors (2048K)
 Metaspace       used 95570K, committed 96256K, reserved 1179648K
  class space    used 12654K, committed 12992K, reserved 1048576K
}
Event: 4409.082 GC heap after
{Heap after GC invocations=56 (full 0):
 garbage-first heap   total 75776K, used 40637K [0x00000000c0200000, 0x0000000100000000)
  region size 1024K, 2 young (2048K), 2 survivors (2048K)
 Metaspace       used 95570K, committed 96256K, reserved 1179648K
  class space    used 12654K, committed 12992K, reserved 1048576K
}

